This is pdfTeX, Version 3.14159265-2.6-1.40.18 (TeX Live 2017) (preloaded format=pdflatex 2017.10.12)  9 FEB 2018 16:51
entering extended mode
 restricted \write18 enabled.
 %&-line parsing enabled.
**first.tex
(./first.tex
LaTeX2e <2017-04-15>
Babel <3.10> and hyphenation patterns for 84 language(s) loaded.
(/usr/local/texlive/2017/texmf-dist/tex/latex/ametsoc/ametsoc.cls
\c@section=\count79
\c@subsection=\count80
\c@subsubsection=\count81
\c@paragraph=\count82
\c@subparagraph=\count83
\c@figure=\count84
\c@table=\count85
\abovecaptionskip=\skip41
\belowcaptionskip=\skip42
\bibindent=\dimen102

(/usr/local/texlive/2017/texmf-dist/tex/latex/graphics/graphicx.sty
Package: graphicx 2014/10/28 v1.0g Enhanced LaTeX Graphics (DPC,SPQR)

(/usr/local/texlive/2017/texmf-dist/tex/latex/graphics/keyval.sty
Package: keyval 2014/10/28 v1.15 key=value parser (DPC)
\KV@toks@=\toks14
)
(/usr/local/texlive/2017/texmf-dist/tex/latex/graphics/graphics.sty
Package: graphics 2017/04/14 v1.1b Standard LaTeX Graphics (DPC,SPQR)

(/usr/local/texlive/2017/texmf-dist/tex/latex/graphics/trig.sty
Package: trig 2016/01/03 v1.10 sin cos tan (DPC)
)
(/usr/local/texlive/2017/texmf-dist/tex/latex/graphics-cfg/graphics.cfg
File: graphics.cfg 2016/06/04 v1.11 sample graphics configuration
)
Package graphics Info: Driver file: pdftex.def on input line 99.

(/usr/local/texlive/2017/texmf-dist/tex/latex/graphics-def/pdftex.def
File: pdftex.def 2017/01/12 v0.06k Graphics/color for pdfTeX

(/usr/local/texlive/2017/texmf-dist/tex/generic/oberdiek/infwarerr.sty
Package: infwarerr 2016/05/16 v1.4 Providing info/warning/error messages (HO)
)
(/usr/local/texlive/2017/texmf-dist/tex/generic/oberdiek/ltxcmds.sty
Package: ltxcmds 2016/05/16 v1.23 LaTeX kernel commands for general use (HO)
)
\Gread@gobject=\count86
))
\Gin@req@height=\dimen103
\Gin@req@width=\dimen104
)
(/usr/local/texlive/2017/texmf-dist/tex/latex/amsmath/amsmath.sty
Package: amsmath 2016/11/05 v2.16a AMS math features
\@mathmargin=\skip43

For additional information on amsmath, use the `?' option.
(/usr/local/texlive/2017/texmf-dist/tex/latex/amsmath/amstext.sty
Package: amstext 2000/06/29 v2.01 AMS text

(/usr/local/texlive/2017/texmf-dist/tex/latex/amsmath/amsgen.sty
File: amsgen.sty 1999/11/30 v2.0 generic functions
\@emptytoks=\toks15
\ex@=\dimen105
))
(/usr/local/texlive/2017/texmf-dist/tex/latex/amsmath/amsbsy.sty
Package: amsbsy 1999/11/29 v1.2d Bold Symbols
\pmbraise@=\dimen106
)
(/usr/local/texlive/2017/texmf-dist/tex/latex/amsmath/amsopn.sty
Package: amsopn 2016/03/08 v2.02 operator names
)
\inf@bad=\count87
LaTeX Info: Redefining \frac on input line 213.
\uproot@=\count88
\leftroot@=\count89
LaTeX Info: Redefining \overline on input line 375.
\classnum@=\count90
\DOTSCASE@=\count91
LaTeX Info: Redefining \ldots on input line 472.
LaTeX Info: Redefining \dots on input line 475.
LaTeX Info: Redefining \cdots on input line 596.
\Mathstrutbox@=\box26
\strutbox@=\box27
\big@size=\dimen107
LaTeX Font Info:    Redeclaring font encoding OML on input line 712.
LaTeX Font Info:    Redeclaring font encoding OMS on input line 713.
\macc@depth=\count92
\c@MaxMatrixCols=\count93
\dotsspace@=\muskip10
\c@parentequation=\count94
\dspbrk@lvl=\count95
\tag@help=\toks16
\row@=\count96
\column@=\count97
\maxfields@=\count98
\andhelp@=\toks17
\eqnshift@=\dimen108
\alignsep@=\dimen109
\tagshift@=\dimen110
\tagwidth@=\dimen111
\totwidth@=\dimen112
\lineht@=\dimen113
\@envbody=\toks18
\multlinegap=\skip44
\multlinetaggap=\skip45
\mathdisplay@stack=\toks19
LaTeX Info: Redefining \[ on input line 2817.
LaTeX Info: Redefining \] on input line 2818.
)
(/usr/local/texlive/2017/texmf-dist/tex/latex/amsfonts/amsfonts.sty
Package: amsfonts 2013/01/14 v3.01 Basic AMSFonts support
\symAMSa=\mathgroup4
\symAMSb=\mathgroup5
LaTeX Font Info:    Overwriting math alphabet `\mathfrak' in version `bold'
(Font)                  U/euf/m/n --> U/euf/b/n on input line 106.
)
(/usr/local/texlive/2017/texmf-dist/tex/latex/amsfonts/amssymb.sty
Package: amssymb 2013/01/14 v3.01 AMS font symbols
)
(/usr/local/texlive/2017/texmf-dist/tex/latex/tools/bm.sty
Package: bm 2017/01/16 v1.2c Bold Symbol Support (DPC/FMi)
\symboldoperators=\mathgroup6
\symboldletters=\mathgroup7
\symboldsymbols=\mathgroup8
LaTeX Font Info:    Redeclaring math alphabet \mathbf on input line 141.
LaTeX Info: Redefining \bm on input line 207.
)
(/usr/local/texlive/2017/texmf-dist/tex/latex/psnfss/helvet.sty
Package: helvet 2005/04/12 PSNFSS-v9.2a (WaS) 
)
(/usr/local/texlive/2017/texmf-dist/tex/latex/psnfss/mathptmx.sty
Package: mathptmx 2005/04/12 PSNFSS-v9.2a Times w/ Math, improved (SPQR, WaS) 
LaTeX Font Info:    Redeclaring symbol font `operators' on input line 28.
LaTeX Font Info:    Overwriting symbol font `operators' in version `normal'
(Font)                  OT1/cmr/m/n --> OT1/ztmcm/m/n on input line 28.
LaTeX Font Info:    Overwriting symbol font `operators' in version `bold'
(Font)                  OT1/cmr/bx/n --> OT1/ztmcm/m/n on input line 28.
LaTeX Font Info:    Redeclaring symbol font `letters' on input line 29.
LaTeX Font Info:    Overwriting symbol font `letters' in version `normal'
(Font)                  OML/cmm/m/it --> OML/ztmcm/m/it on input line 29.
LaTeX Font Info:    Overwriting symbol font `letters' in version `bold'
(Font)                  OML/cmm/b/it --> OML/ztmcm/m/it on input line 29.
LaTeX Font Info:    Redeclaring symbol font `symbols' on input line 30.
LaTeX Font Info:    Overwriting symbol font `symbols' in version `normal'
(Font)                  OMS/cmsy/m/n --> OMS/ztmcm/m/n on input line 30.
LaTeX Font Info:    Overwriting symbol font `symbols' in version `bold'
(Font)                  OMS/cmsy/b/n --> OMS/ztmcm/m/n on input line 30.
LaTeX Font Info:    Redeclaring symbol font `largesymbols' on input line 31.
LaTeX Font Info:    Overwriting symbol font `largesymbols' in version `normal'
(Font)                  OMX/cmex/m/n --> OMX/ztmcm/m/n on input line 31.
LaTeX Font Info:    Overwriting symbol font `largesymbols' in version `bold'
(Font)                  OMX/cmex/m/n --> OMX/ztmcm/m/n on input line 31.
\symbold=\mathgroup9
\symitalic=\mathgroup10
LaTeX Font Info:    Redeclaring math alphabet \mathbf on input line 34.
LaTeX Font Info:    Redeclaring math alphabet \mathit on input line 35.
LaTeX Font Info:    Overwriting math alphabet `\mathit' in version `normal'
(Font)                  OT1/cmr/m/it --> OT1/ptm/m/it on input line 35.
LaTeX Font Info:    Overwriting math alphabet `\mathit' in version `bold'
(Font)                  OT1/cmr/bx/it --> OT1/ptm/m/it on input line 35.
LaTeX Info: Redefining \hbar on input line 50.
)
(/usr/local/texlive/2017/texmf-dist/tex/latex/natbib/natbib.sty
Package: natbib 2010/09/13 8.31b (PWD, AO)
\bibhang=\skip46
\bibsep=\skip47
LaTeX Info: Redefining \cite on input line 694.
\c@NAT@ctr=\count99
)
(/usr/local/texlive/2017/texmf-dist/tex/latex/url/url.sty
\Urlmuskip=\muskip11
Package: url 2013/09/16  ver 3.4  Verb mode for urls, etc.
)
(/usr/local/texlive/2017/texmf-dist/tex/latex/xcolor/xcolor.sty
Package: xcolor 2016/05/11 v2.12 LaTeX color extensions (UK)

(/usr/local/texlive/2017/texmf-dist/tex/latex/graphics-cfg/color.cfg
File: color.cfg 2016/01/02 v1.6 sample color configuration
)
Package xcolor Info: Driver file: pdftex.def on input line 225.
Package xcolor Info: Model `cmy' substituted by `cmy0' on input line 1348.
Package xcolor Info: Model `hsb' substituted by `rgb' on input line 1352.
Package xcolor Info: Model `RGB' extended on input line 1364.
Package xcolor Info: Model `HTML' substituted by `rgb' on input line 1366.
Package xcolor Info: Model `Hsb' substituted by `hsb' on input line 1367.
Package xcolor Info: Model `tHsb' substituted by `hsb' on input line 1368.
Package xcolor Info: Model `HSB' substituted by `hsb' on input line 1369.
Package xcolor Info: Model `Gray' substituted by `gray' on input line 1370.
Package xcolor Info: Model `wave' substituted by `hsb' on input line 1371.
)
(/usr/local/texlive/2017/texmf-dist/tex/latex/tools/indentfirst.sty
Package: indentfirst 1995/11/23 v1.03 Indent first paragraph (DPC)
)
(/usr/local/texlive/2017/texmf-dist/tex/latex/tools/multicol.sty
Package: multicol 2017/04/11 v1.8q multicolumn formatting (FMi)
\c@tracingmulticols=\count100
\mult@box=\box28
\multicol@leftmargin=\dimen114
\c@unbalance=\count101
\c@collectmore=\count102
\doublecol@number=\count103
\multicoltolerance=\count104
\multicolpretolerance=\count105
\full@width=\dimen115
\page@free=\dimen116
\premulticols=\dimen117
\postmulticols=\dimen118
\multicolsep=\skip48
\multicolbaselineskip=\skip49
\partial@page=\box29
\last@line=\box30
\maxbalancingoverflow=\dimen119
\mult@rightbox=\box31
\mult@grightbox=\box32
\mult@gfirstbox=\box33
\mult@firstbox=\box34
\@tempa=\box35
\@tempa=\box36
\@tempa=\box37
\@tempa=\box38
\@tempa=\box39
\@tempa=\box40
\@tempa=\box41
\@tempa=\box42
\@tempa=\box43
\@tempa=\box44
\@tempa=\box45
\@tempa=\box46
\@tempa=\box47
\@tempa=\box48
\@tempa=\box49
\@tempa=\box50
\@tempa=\box51
\c@columnbadness=\count106
\c@finalcolumnbadness=\count107
\last@try=\dimen120
\multicolovershoot=\dimen121
\multicolundershoot=\dimen122
\mult@nat@firstbox=\box52
\colbreak@box=\box53
\mc@col@check@num=\count108
)
(/usr/local/texlive/2017/texmf-dist/tex/latex/base/ifthen.sty
Package: ifthen 2014/09/29 v1.1c Standard LaTeX ifthen package (DPC)
)
(/usr/local/texlive/2017/texmf-dist/tex/latex/graphics/rotating.sty
Package: rotating 2016/08/11 v2.16d rotated objects in LaTeX
\c@r@tfl@t=\count109
\rotFPtop=\skip50
\rotFPbot=\skip51
\rot@float@box=\box54
\rot@mess@toks=\toks20
)
(/usr/local/texlive/2017/texmf-dist/tex/latex/endfloat/endfloat.sty
Package: endfloat 2011/12/25 v2.5d LaTeX2e package puts figures and tables at e
nd (jdm)
\c@posttable=\count110
\efloat@postttt=\write3
\@ef@tttopen=\count111
\c@postfigure=\count112
\efloat@postfff=\write4
\@ef@fffopen=\count113
)
(/usr/local/texlive/2017/texmf-dist/tex/latex/lineno/lineno.sty
Package: lineno 2005/11/02 line numbers on paragraphs v4.41
\linenopenalty=\count114
\output=\toks21
\linenoprevgraf=\count115
\linenumbersep=\dimen123
\linenumberwidth=\dimen124
\c@linenumber=\count116
\c@pagewiselinenumber=\count117
\c@LN@truepage=\count118
\c@internallinenumber=\count119
\c@internallinenumbers=\count120
\quotelinenumbersep=\dimen125
\bframerule=\dimen126
\bframesep=\dimen127
\bframebox=\box55
LaTeX Info: Redefining \\ on input line 3056.
)
\c@extraauth=\count121
\c@loopnum=\count122
\thanksnum=\count123
\savethanksnum=\count124
) (./first.aux

LaTeX Warning: Label `fig:sketch_dwbc_north' multiply defined.

)
\openout1 = `first.aux'.

LaTeX Font Info:    Checking defaults for OML/cmm/m/it on input line 56.
LaTeX Font Info:    ... okay on input line 56.
LaTeX Font Info:    Checking defaults for T1/cmr/m/n on input line 56.
LaTeX Font Info:    ... okay on input line 56.
LaTeX Font Info:    Checking defaults for OT1/cmr/m/n on input line 56.
LaTeX Font Info:    ... okay on input line 56.
LaTeX Font Info:    Checking defaults for OMS/cmsy/m/n on input line 56.
LaTeX Font Info:    ... okay on input line 56.
LaTeX Font Info:    Checking defaults for OMX/cmex/m/n on input line 56.
LaTeX Font Info:    ... okay on input line 56.
LaTeX Font Info:    Checking defaults for U/cmr/m/n on input line 56.
LaTeX Font Info:    ... okay on input line 56.
LaTeX Font Info:    Try loading font information for OT1+ptm on input line 56.
 (/usr/local/texlive/2017/texmf-dist/tex/latex/psnfss/ot1ptm.fd
File: ot1ptm.fd 2001/06/04 font definitions for OT1/ptm.
)
(/usr/local/texlive/2017/texmf-dist/tex/context/base/mkii/supp-pdf.mkii
[Loading MPS to PDF converter (version 2006.09.02).]
\scratchcounter=\count125
\scratchdimen=\dimen128
\scratchbox=\box56
\nofMPsegments=\count126
\nofMParguments=\count127
\everyMPshowfont=\toks22
\MPscratchCnt=\count128
\MPscratchDim=\dimen129
\MPnumerator=\count129
\makeMPintoPDFobject=\count130
\everyMPtoPDFconversion=\toks23
) (/usr/local/texlive/2017/texmf-dist/tex/generic/oberdiek/pdftexcmds.sty
Package: pdftexcmds 2017/03/19 v0.25 Utility functions of pdfTeX for LuaTeX (HO
)

(/usr/local/texlive/2017/texmf-dist/tex/generic/oberdiek/ifluatex.sty
Package: ifluatex 2016/05/16 v1.4 Provides the ifluatex switch (HO)
Package ifluatex Info: LuaTeX not detected.
)
(/usr/local/texlive/2017/texmf-dist/tex/generic/oberdiek/ifpdf.sty
Package: ifpdf 2017/03/15 v3.2 Provides the ifpdf switch
)
Package pdftexcmds Info: LuaTeX not detected.
Package pdftexcmds Info: \pdf@primitive is available.
Package pdftexcmds Info: \pdf@ifprimitive is available.
Package pdftexcmds Info: \pdfdraftmode found.
)
(/usr/local/texlive/2017/texmf-dist/tex/latex/oberdiek/epstopdf-base.sty
Package: epstopdf-base 2016/05/15 v2.6 Base part for package epstopdf

(/usr/local/texlive/2017/texmf-dist/tex/latex/oberdiek/grfext.sty
Package: grfext 2016/05/16 v1.2 Manage graphics extensions (HO)

(/usr/local/texlive/2017/texmf-dist/tex/generic/oberdiek/kvdefinekeys.sty
Package: kvdefinekeys 2016/05/16 v1.4 Define keys (HO)
))
(/usr/local/texlive/2017/texmf-dist/tex/latex/oberdiek/kvoptions.sty
Package: kvoptions 2016/05/16 v3.12 Key value format for package options (HO)

(/usr/local/texlive/2017/texmf-dist/tex/generic/oberdiek/kvsetkeys.sty
Package: kvsetkeys 2016/05/16 v1.17 Key value parser (HO)

(/usr/local/texlive/2017/texmf-dist/tex/generic/oberdiek/etexcmds.sty
Package: etexcmds 2016/05/16 v1.6 Avoid name clashes with e-TeX commands (HO)
Package etexcmds Info: Could not find \expanded.
(etexcmds)             That can mean that you are not using pdfTeX 1.50 or
(etexcmds)             that some package has redefined \expanded.
(etexcmds)             In the latter case, load this package earlier.
)))
Package epstopdf-base Info: Redefining graphics rule for `.eps' on input line 4
38.
Package grfext Info: Graphics extension search list:
(grfext)             [.png,.pdf,.jpg,.mps,.jpeg,.jbig2,.jb2,.PNG,.PDF,.JPG,.JPE
G,.JBIG2,.JB2,.eps]
(grfext)             \AppendGraphicsExtensions on input line 456.

(/usr/local/texlive/2017/texmf-dist/tex/latex/latexconfig/epstopdf-sys.cfg
File: epstopdf-sys.cfg 2010/07/13 v1.3 Configuration of (r)epstopdf for TeX Liv
e
))
LaTeX Font Info:    Font shape `OT1/ptm/bx/n' in size <14.4> not available
(Font)              Font shape `OT1/ptm/b/n' tried instead on input line 57.
LaTeX Font Info:    Try loading font information for OT1+ztmcm on input line 57
.

(/usr/local/texlive/2017/texmf-dist/tex/latex/psnfss/ot1ztmcm.fd
File: ot1ztmcm.fd 2000/01/03 Fontinst v1.801 font definitions for OT1/ztmcm.
)
LaTeX Font Info:    Try loading font information for OML+ztmcm on input line 57
.

(/usr/local/texlive/2017/texmf-dist/tex/latex/psnfss/omlztmcm.fd
File: omlztmcm.fd 2000/01/03 Fontinst v1.801 font definitions for OML/ztmcm.
)
LaTeX Font Info:    Try loading font information for OMS+ztmcm on input line 57
.

(/usr/local/texlive/2017/texmf-dist/tex/latex/psnfss/omsztmcm.fd
File: omsztmcm.fd 2000/01/03 Fontinst v1.801 font definitions for OMS/ztmcm.
)
LaTeX Font Info:    Try loading font information for OMX+ztmcm on input line 57
.

(/usr/local/texlive/2017/texmf-dist/tex/latex/psnfss/omxztmcm.fd
File: omxztmcm.fd 2000/01/03 Fontinst v1.801 font definitions for OMX/ztmcm.
)
LaTeX Font Info:    Font shape `OT1/ptm/bx/n' in size <10.95> not available
(Font)              Font shape `OT1/ptm/b/n' tried instead on input line 57.
LaTeX Font Info:    Font shape `OT1/ptm/bx/n' in size <8> not available
(Font)              Font shape `OT1/ptm/b/n' tried instead on input line 57.
LaTeX Font Info:    Try loading font information for OT1+phv on input line 57.

(/usr/local/texlive/2017/texmf-dist/tex/latex/psnfss/ot1phv.fd
File: ot1phv.fd 2001/06/04 scalable font definitions for OT1/phv.
)
LaTeX Font Info:    Font shape `OT1/phv/m/n' will be
(Font)              scaled to size 4.85pt on input line 57.
LaTeX Font Info:    Font shape `OT1/ptm/bx/n' in size <12> not available
(Font)              Font shape `OT1/ptm/b/n' tried instead on input line 57.
LaTeX Font Info:    Font shape `OT1/ptm/bx/n' in size <9> not available
(Font)              Font shape `OT1/ptm/b/n' tried instead on input line 57.
LaTeX Font Info:    Font shape `OT1/ptm/bx/n' in size <7> not available
(Font)              Font shape `OT1/ptm/b/n' tried instead on input line 57.
Missing character: There is no Ã in font ptmr7t!
Missing character: There is no Ÿ in font ptmr7t!

Underfull \hbox (badness 10000) has occurred while \output is active
[]
 []

LaTeX Font Info:    Font shape `OT1/ptm/bx/n' in size <5> not available
(Font)              Font shape `OT1/ptm/b/n' tried instead on input line 57.
[1{/usr/local/texlive/2017/texmf-var/fonts/map/pdftex/updmap/pdftex.map}]
[2]
LaTeX Font Info:    Try loading font information for OMS+ptm on input line 67.
 (/usr/local/texlive/2017/texmf-dist/tex/latex/psnfss/omsptm.fd
File: omsptm.fd 
)
LaTeX Font Info:    Font shape `OMS/ptm/m/n' in size <12> not available
(Font)              Font shape `OMS/cmsy/m/n' tried instead on input line 67.

Underfull \vbox (badness 10000) has occurred while \output is active []

 [3]
Underfull \hbox (badness 10000) in paragraph at lines 74--76

 []

[4]
Underfull \hbox (badness 10000) in paragraph at lines 79--80

 []

[5]
Underfull \hbox (badness 10000) in paragraph at lines 89--93

 []

[6] [7]
Underfull \vbox (badness 10000) has occurred while \output is active []

 [8]
[9]
Underfull \vbox (badness 1769) has occurred while \output is active []

 [10]
Underfull \vbox (badness 10000) has occurred while \output is active []

 [11]
Underfull \hbox (badness 10000) in paragraph at lines 126--127

 []

[12] (./first.bbl
Missing character: There is no â in font ptmr7t!
Missing character: There is no € in font ptmr7t!
Missing character: There is no ” in font ptmr7t!
 [13]
Missing character: There is no â in font ptmr7t!
Missing character: There is no € in font ptmr7t!
Missing character: There is no “ in font ptmr7t!
Missing character: There is no Â in font ptmr7t!
Missing character: There is no ° in font ptmr7t!
Missing character: There is no â in font ptmr7t!
Missing character: There is no € in font ptmr7t!
Missing character: There is no “ in font ptmr7t!
 [14]
Missing character: There is no Â in font ptmr7t!
Missing character: There is no ° in font ptmr7t!
Missing character: There is no Â in font ptmr7t!
Missing character: There is no ° in font ptmr7t!
Missing character: There is no â in font ptmr7t!
Missing character: There is no € in font ptmr7t!
Missing character: There is no “ in font ptmr7t!
Missing character: There is no Â in font ptmr7t!
Missing character: There is no ° in font ptmr7t!
Missing character: There is no â in font ptmr7t!
Missing character: There is no € in font ptmr7t!
Missing character: There is no “ in font ptmr7t!
Missing character: There is no â in font ptmr7t!
Missing character: There is no € in font ptmr7t!
Missing character: There is no ” in font ptmr7t!
 [15]
Missing character: There is no Â in font ptmr7t!
Missing character: There is no ° in font ptmr7t!
)
\openout4 = `first.fff'.

 (first.fff)
AED endfloat: Processing end Figures and Tables [16] (./first.lof
LaTeX Font Info:    Font shape `OT1/ptm/bx/n' in size <10.5> not available
(Font)              Font shape `OT1/ptm/b/n' tried instead on input line 1.
LaTeX Font Info:    Calculating math sizes for size <10.5> on input line 2.


LaTeX Font Warning: Font shape `OT1/cmr/bx/n' in size <10.5> not available
(Font)              size <10.95> substituted on input line 2.


LaTeX Font Warning: Font shape `OML/cmm/b/it' in size <10.5> not available
(Font)              size <10.95> substituted on input line 2.


LaTeX Font Warning: Font shape `OMS/cmsy/b/n' in size <10.5> not available
(Font)              size <10.95> substituted on input line 2.

LaTeX Font Info:    Font shape `OT1/ptm/bx/n' in size <7.77005> not available
(Font)              Font shape `OT1/ptm/b/n' tried instead on input line 2.
LaTeX Font Info:    Font shape `OT1/ptm/bx/n' in size <6.30006> not available
(Font)              Font shape `OT1/ptm/b/n' tried instead on input line 2.
)
\tf@lof=\write5
\openout5 = `first.lof'.

 [17


] (./first.fff <figs/3D_and_map_.pdf, id=66, 830.10126pt x 403.5075pt>
File: figs/3D_and_map_.pdf Graphic file (type pdf)

<use figs/3D_and_map_.pdf>
Package pdftex.def Info: figs/3D_and_map_.pdf used on input line 3.
(pdftex.def)             Requested size: 463.32257pt x 225.21765pt.
 [18 <./figs/3D_and_map_.pdf>]
<figs/intro_DWBC_transport.png, id=92, 385.9218pt x 70.1019pt>
File: figs/intro_DWBC_transport.png Graphic file (type png)

<use figs/intro_DWBC_transport.png>
Package pdftex.def Info: figs/intro_DWBC_transport.png used on input line 10.
(pdftex.def)             Requested size: 292.79993pt x 53.18813pt.

Underfull \hbox (badness 10000) in paragraph at lines 9--11

 []

<figs/intro_DWBC_structure.png, id=94, 394.5942pt x 234.1548pt>
File: figs/intro_DWBC_structure.png Graphic file (type png)

<use figs/intro_DWBC_structure.png>
Package pdftex.def Info: figs/intro_DWBC_structure.png used on input line 14.
(pdftex.def)             Requested size: 300.0pt x 178.03452pt.

Underfull \hbox (badness 10000) in paragraph at lines 14--15

 []

[19 <./figs/intro_DWBC_transport.png> <./figs/intro_DWBC_structure.png>]
<figs/blank_map_.pdf, id=101, 372.39125pt x 467.7475pt>
File: figs/blank_map_.pdf Graphic file (type pdf)

<use figs/blank_map_.pdf>
Package pdftex.def Info: figs/blank_map_.pdf used on input line 22.
(pdftex.def)             Requested size: 181.21753pt x 227.62204pt.
 [20 <./figs/blank_map_.pdf>]
<figs/divUrho/divUrho23to21.png, id=119, 356.2911pt x 499.3857pt>
File: figs/divUrho/divUrho23to21.png Graphic file (type png)

<use figs/divUrho/divUrho23to21.png>
Package pdftex.def Info: figs/divUrho/divUrho23to21.png used on input line 32.
(pdftex.def)             Requested size: 142.10072pt x 199.16928pt.

<figs/divUrho/divUrho16to14.png, id=120, 294.1389pt x 499.3857pt>
File: figs/divUrho/divUrho16to14.png Graphic file (type png)

<use figs/divUrho/divUrho16to14.png>
Package pdftex.def Info: figs/divUrho/divUrho16to14.png used on input line 37.
(pdftex.def)             Requested size: 117.31236pt x 199.16928pt.

<figs/divUrho/divUrho7to5.png, id=121, 365.6862pt x 499.3857pt>
File: figs/divUrho/divUrho7to5.png Graphic file (type png)

<use figs/divUrho/divUrho7to5.png>
Package pdftex.def Info: figs/divUrho/divUrho7to5.png used on input line 42.
(pdftex.def)             Requested size: 145.84781pt x 199.16928pt.
 [21




 <./figs/divUrho/divUrho23to21.png> <./figs/divUrho/divUrho16to14.png> <./figs/
divUrho/divUrho7to5.png>]
<figs/sketch_north.pdf, id=128, 524.96124pt x 728.7225pt>
File: figs/sketch_north.pdf Graphic file (type pdf)

<use figs/sketch_north.pdf>
Package pdftex.def Info: figs/sketch_north.pdf used on input line 50.
(pdftex.def)             Requested size: 143.47163pt x 199.16928pt.

Underfull \hbox (badness 10000) in paragraph at lines 50--51

 []

[22 <./figs/sketch_north.pdf>]
<figs/divUrho/divUrho-9to-11.png, id=157, 356.2911pt x 499.3857pt>
File: figs/divUrho/divUrho-9to-11.png Graphic file (type png)

<use figs/divUrho/divUrho-9to-11.png>
Package pdftex.def Info: figs/divUrho/divUrho-9to-11.png used on input line 60.

(pdftex.def)             Requested size: 142.10072pt x 199.16928pt.

<figs/divUrho/divUrho-13to-15.png, id=158, 365.6862pt x 499.3857pt>
File: figs/divUrho/divUrho-13to-15.png Graphic file (type png)

<use figs/divUrho/divUrho-13to-15.png>
Package pdftex.def Info: figs/divUrho/divUrho-13to-15.png used on input line 64
.
(pdftex.def)             Requested size: 145.84781pt x 199.16928pt.

<figs/sketch_south.pdf, id=159, 516.93124pt x 728.7225pt>
File: figs/sketch_south.pdf Graphic file (type pdf)

<use figs/sketch_south.pdf>
Package pdftex.def Info: figs/sketch_south.pdf used on input line 69.
(pdftex.def)             Requested size: 141.27704pt x 199.16928pt.
 [23


 <./figs/divUrho/divUrho-9to-11.png> <./figs/divUrho/divUrho-13to-15.png> <./fi
gs/sketch_south.pdf>]
<figs/Pe2Pm/Pe2Pm23to21.png, id=189, 356.2911pt x 499.3857pt>
File: figs/Pe2Pm/Pe2Pm23to21.png Graphic file (type png)

<use figs/Pe2Pm/Pe2Pm23to21.png>
Package pdftex.def Info: figs/Pe2Pm/Pe2Pm23to21.png used on input line 80.
(pdftex.def)             Requested size: 142.10072pt x 199.16928pt.

<figs/Pe2Pm/Pe2Pm16to14.png, id=190, 294.1389pt x 499.3857pt>
File: figs/Pe2Pm/Pe2Pm16to14.png Graphic file (type png)

<use figs/Pe2Pm/Pe2Pm16to14.png>
Package pdftex.def Info: figs/Pe2Pm/Pe2Pm16to14.png used on input line 85.
(pdftex.def)             Requested size: 117.31236pt x 199.16928pt.

<figs/Pe2Pm/Pe2Pm7to5.png, id=191, 365.6862pt x 499.3857pt>
File: figs/Pe2Pm/Pe2Pm7to5.png Graphic file (type png)

<use figs/Pe2Pm/Pe2Pm7to5.png>
Package pdftex.def Info: figs/Pe2Pm/Pe2Pm7to5.png used on input line 89.
(pdftex.def)             Requested size: 145.84781pt x 199.16928pt.
 [24

 <./figs/Pe2Pm/Pe2Pm23to21.png> <./figs/Pe2Pm/Pe2Pm16to14.png> <./figs/Pe2Pm/Pe
2Pm7to5.png>]
<figs/Pe2Pm/Pe2Pm-9to-11.png, id=199, 356.2911pt x 499.3857pt>
File: figs/Pe2Pm/Pe2Pm-9to-11.png Graphic file (type png)

<use figs/Pe2Pm/Pe2Pm-9to-11.png>
Package pdftex.def Info: figs/Pe2Pm/Pe2Pm-9to-11.png used on input line 100.
(pdftex.def)             Requested size: 142.10072pt x 199.16928pt.

<figs/Pe2Pm/Pe2Pm-13to-15.png, id=200, 365.6862pt x 499.3857pt>
File: figs/Pe2Pm/Pe2Pm-13to-15.png Graphic file (type png)

<use figs/Pe2Pm/Pe2Pm-13to-15.png>
Package pdftex.def Info: figs/Pe2Pm/Pe2Pm-13to-15.png used on input line 104.
(pdftex.def)             Requested size: 145.84781pt x 199.16928pt.
 [25

 <./figs/Pe2Pm/Pe2Pm-9to-11.png> <./figs/Pe2Pm/Pe2Pm-13to-15.png>]
<figs/streamfunction/mean_streamfunction23to21.png, id=207, 359.1819pt x 494.32
68pt>
File: figs/streamfunction/mean_streamfunction23to21.png Graphic file (type png)

 <use figs/streamfunction/mean_streamfunction23to21.png>
Package pdftex.def Info: figs/streamfunction/mean_streamfunction23to21.png used
 on input line 115.
(pdftex.def)             Requested size: 144.71701pt x 199.16928pt.

<figs/streamfunction/mean_streamfunction16to14.png, id=208, 294.1389pt x 494.32
68pt>
File: figs/streamfunction/mean_streamfunction16to14.png Graphic file (type png)

 <use figs/streamfunction/mean_streamfunction16to14.png>
Package pdftex.def Info: figs/streamfunction/mean_streamfunction16to14.png used
 on input line 120.
(pdftex.def)             Requested size: 118.51071pt x 199.16928pt.

<figs/streamfunction/mean_streamfunction7to5.png, id=209, 350.5095pt x 494.3268
pt>
File: figs/streamfunction/mean_streamfunction7to5.png Graphic file (type png)
 <use figs/streamfunction/mean_streamfunction7to5.png>
Package pdftex.def Info: figs/streamfunction/mean_streamfunction7to5.png used o
n input line 124.
(pdftex.def)             Requested size: 141.22284pt x 199.16928pt.
 [26

 <./figs/streamfunction/mean_streamfunction23to21.png> <./figs/streamfunction/m
ean_streamfunction16to14.png> <./figs/streamfunction/mean_streamfunction7to5.pn
g>]
<figs/streamfunction/mean_streamfunction-9to-11.png, id=216, 356.2911pt x 494.3
268pt>
File: figs/streamfunction/mean_streamfunction-9to-11.png Graphic file (type png
)
 <use figs/streamfunction/mean_streamfunction-9to-11.png>
Package pdftex.def Info: figs/streamfunction/mean_streamfunction-9to-11.png use
d on input line 135.
(pdftex.def)             Requested size: 143.55229pt x 199.16928pt.

<figs/streamfunction/mean_streamfunction-13to-15.png, id=217, 350.5095pt x 494.
3268pt>
File: figs/streamfunction/mean_streamfunction-13to-15.png Graphic file (type pn
g)
 <use figs/streamfunction/mean_streamfunction-13to-15.png>
Package pdftex.def Info: figs/streamfunction/mean_streamfunction-13to-15.png us
ed on input line 139.
(pdftex.def)             Requested size: 141.22284pt x 199.16928pt.
 [27

 <./figs/streamfunction/mean_streamfunction-9to-11.png> <./figs/streamfunction/
mean_streamfunction-13to-15.png>]) (./first.aux)

LaTeX Font Warning: Size substitutions with differences
(Font)              up to 0.45pt have occurred.


LaTeX Warning: There were multiply-defined labels.

 ) 
Here is how much of TeX's memory you used:
 4560 strings out of 492995
 62760 string characters out of 6132703
 138637 words of memory out of 5000000
 7937 multiletter control sequences out of 15000+600000
 75482 words of font info for 178 fonts, out of 8000000 for 9000
 1141 hyphenation exceptions out of 8191
 39i,10n,37p,2303b,375s stack positions out of 5000i,500n,10000p,200000b,80000s
{/usr/local/texlive/2017/texmf-dist/fonts/enc/dvips/base/8r.enc}</usr/local/t
exlive/2017/texmf-dist/fonts/type1/public/amsfonts/cm/cmex10.pfb></usr/local/te
xlive/2017/texmf-dist/fonts/type1/public/amsfonts/cm/cmmi10.pfb></usr/local/tex
live/2017/texmf-dist/fonts/type1/public/amsfonts/cm/cmr10.pfb></usr/local/texli
ve/2017/texmf-dist/fonts/type1/public/amsfonts/cm/cmsy10.pfb></usr/local/texliv
e/2017/texmf-dist/fonts/type1/urw/helvetic/uhvr8a.pfb></usr/local/texlive/2017/
texmf-dist/fonts/type1/urw/symbol/usyr.pfb></usr/local/texlive/2017/texmf-dist/
fonts/type1/urw/symbol/usyr.pfb></usr/local/texlive/2017/texmf-dist/fonts/type1
/urw/times/utmb8a.pfb></usr/local/texlive/2017/texmf-dist/fonts/type1/urw/times
/utmr8a.pfb></usr/local/texlive/2017/texmf-dist/fonts/type1/urw/times/utmri8a.p
fb>
Output written on first.pdf (27 pages, 4021153 bytes).
PDF statistics:
 257 PDF objects out of 1000 (max. 8388607)
 145 compressed objects within 2 object streams
 0 named destinations out of 1000 (max. 500000)
 106 words of extra memory for PDF output out of 10000 (max. 10000000)

